[2024-03-16 05:47:17] production.ERROR: Array to string conversion {"exception":"[object] (ErrorException(code: 0): Array to string conversion at /var/www/knockknock.mx/html/api/packages/marvel/src/Http/Controllers/ProductController.php:395)
[stacktrace]
#0 /var/www/knockknock.mx/html/api/vendor/laravel/framework/src/Illuminate/Foundation/Bootstrap/HandleExceptions.php(254): Illuminate\\Foundation\\Bootstrap\\HandleExceptions->handleError()
#1 [internal function]: Illuminate\\Foundation\\Bootstrap\\HandleExceptions->Illuminate\\Foundation\\Bootstrap\\{closure}()
#2 /var/www/knockknock.mx/html/api/packages/marvel/src/Http/Controllers/ProductController.php(395): fputcsv()
#3 /var/www/knockknock.mx/html/api/vendor/symfony/http-foundation/StreamedResponse.php(106): Marvel\\Http\\Controllers\\ProductController->Marvel\\Http\\Controllers\\{closure}()
#4 /var/www/knockknock.mx/html/api/vendor/symfony/http-foundation/Response.php(423): Symfony\\Component\\HttpFoundation\\StreamedResponse->sendContent()
#5 /var/www/knockknock.mx/html/api/vendor/laravel/framework/src/Illuminate/Support/HigherOrderTapProxy.php(34): Symfony\\Component\\HttpFoundation\\Response->send()
#6 /var/www/knockknock.mx/html/api/public/index.php(53): Illuminate\\Support\\HigherOrderTapProxy->__call()
#7 {main}
"} 
[2024-03-16 05:47:19] production.ERROR: Array to string conversion {"exception":"[object] (ErrorException(code: 0): Array to string conversion at /var/www/knockknock.mx/html/api/packages/marvel/src/Http/Controllers/ProductController.php:395)
[stacktrace]
#0 /var/www/knockknock.mx/html/api/vendor/laravel/framework/src/Illuminate/Foundation/Bootstrap/HandleExceptions.php(254): Illuminate\\Foundation\\Bootstrap\\HandleExceptions->handleError()
#1 [internal function]: Illuminate\\Foundation\\Bootstrap\\HandleExceptions->Illuminate\\Foundation\\Bootstrap\\{closure}()
#2 /var/www/knockknock.mx/html/api/packages/marvel/src/Http/Controllers/ProductController.php(395): fputcsv()
#3 /var/www/knockknock.mx/html/api/vendor/symfony/http-foundation/StreamedResponse.php(106): Marvel\\Http\\Controllers\\ProductController->Marvel\\Http\\Controllers\\{closure}()
#4 /var/www/knockknock.mx/html/api/vendor/symfony/http-foundation/Response.php(423): Symfony\\Component\\HttpFoundation\\StreamedResponse->sendContent()
#5 /var/www/knockknock.mx/html/api/vendor/laravel/framework/src/Illuminate/Support/HigherOrderTapProxy.php(34): Symfony\\Component\\HttpFoundation\\Response->send()
#6 /var/www/knockknock.mx/html/api/public/index.php(53): Illuminate\\Support\\HigherOrderTapProxy->__call()
#7 {main}
"} 
[2024-03-16 05:47:25] production.ERROR: Array to string conversion {"exception":"[object] (ErrorException(code: 0): Array to string conversion at /var/www/knockknock.mx/html/api/packages/marvel/src/Http/Controllers/ProductController.php:395)
[stacktrace]
#0 /var/www/knockknock.mx/html/api/vendor/laravel/framework/src/Illuminate/Foundation/Bootstrap/HandleExceptions.php(254): Illuminate\\Foundation\\Bootstrap\\HandleExceptions->handleError()
#1 [internal function]: Illuminate\\Foundation\\Bootstrap\\HandleExceptions->Illuminate\\Foundation\\Bootstrap\\{closure}()
#2 /var/www/knockknock.mx/html/api/packages/marvel/src/Http/Controllers/ProductController.php(395): fputcsv()
#3 /var/www/knockknock.mx/html/api/vendor/symfony/http-foundation/StreamedResponse.php(106): Marvel\\Http\\Controllers\\ProductController->Marvel\\Http\\Controllers\\{closure}()
#4 /var/www/knockknock.mx/html/api/vendor/symfony/http-foundation/Response.php(423): Symfony\\Component\\HttpFoundation\\StreamedResponse->sendContent()
#5 /var/www/knockknock.mx/html/api/vendor/laravel/framework/src/Illuminate/Support/HigherOrderTapProxy.php(34): Symfony\\Component\\HttpFoundation\\Response->send()
#6 /var/www/knockknock.mx/html/api/public/index.php(53): Illuminate\\Support\\HigherOrderTapProxy->__call()
#7 {main}
"} 
[2024-03-16 05:49:45] production.ERROR: Array to string conversion {"exception":"[object] (ErrorException(code: 0): Array to string conversion at /var/www/knockknock.mx/html/api/packages/marvel/src/Http/Controllers/ProductController.php:395)
[stacktrace]
#0 /var/www/knockknock.mx/html/api/vendor/laravel/framework/src/Illuminate/Foundation/Bootstrap/HandleExceptions.php(254): Illuminate\\Foundation\\Bootstrap\\HandleExceptions->handleError()
#1 [internal function]: Illuminate\\Foundation\\Bootstrap\\HandleExceptions->Illuminate\\Foundation\\Bootstrap\\{closure}()
#2 /var/www/knockknock.mx/html/api/packages/marvel/src/Http/Controllers/ProductController.php(395): fputcsv()
#3 /var/www/knockknock.mx/html/api/vendor/symfony/http-foundation/StreamedResponse.php(106): Marvel\\Http\\Controllers\\ProductController->Marvel\\Http\\Controllers\\{closure}()
#4 /var/www/knockknock.mx/html/api/vendor/symfony/http-foundation/Response.php(423): Symfony\\Component\\HttpFoundation\\StreamedResponse->sendContent()
#5 /var/www/knockknock.mx/html/api/vendor/laravel/framework/src/Illuminate/Support/HigherOrderTapProxy.php(34): Symfony\\Component\\HttpFoundation\\Response->send()
#6 /var/www/knockknock.mx/html/api/public/index.php(53): Illuminate\\Support\\HigherOrderTapProxy->__call()
#7 {main}
"} 
[2024-03-16 05:49:46] production.ERROR: Array to string conversion {"exception":"[object] (ErrorException(code: 0): Array to string conversion at /var/www/knockknock.mx/html/api/packages/marvel/src/Http/Controllers/ProductController.php:395)
[stacktrace]
#0 /var/www/knockknock.mx/html/api/vendor/laravel/framework/src/Illuminate/Foundation/Bootstrap/HandleExceptions.php(254): Illuminate\\Foundation\\Bootstrap\\HandleExceptions->handleError()
#1 [internal function]: Illuminate\\Foundation\\Bootstrap\\HandleExceptions->Illuminate\\Foundation\\Bootstrap\\{closure}()
#2 /var/www/knockknock.mx/html/api/packages/marvel/src/Http/Controllers/ProductController.php(395): fputcsv()
#3 /var/www/knockknock.mx/html/api/vendor/symfony/http-foundation/StreamedResponse.php(106): Marvel\\Http\\Controllers\\ProductController->Marvel\\Http\\Controllers\\{closure}()
#4 /var/www/knockknock.mx/html/api/vendor/symfony/http-foundation/Response.php(423): Symfony\\Component\\HttpFoundation\\StreamedResponse->sendContent()
#5 /var/www/knockknock.mx/html/api/vendor/laravel/framework/src/Illuminate/Support/HigherOrderTapProxy.php(34): Symfony\\Component\\HttpFoundation\\Response->send()
#6 /var/www/knockknock.mx/html/api/public/index.php(53): Illuminate\\Support\\HigherOrderTapProxy->__call()
#7 {main}
"} 
[2024-03-16 05:49:53] production.ERROR: Array to string conversion {"exception":"[object] (ErrorException(code: 0): Array to string conversion at /var/www/knockknock.mx/html/api/packages/marvel/src/Http/Controllers/ProductController.php:395)
[stacktrace]
#0 /var/www/knockknock.mx/html/api/vendor/laravel/framework/src/Illuminate/Foundation/Bootstrap/HandleExceptions.php(254): Illuminate\\Foundation\\Bootstrap\\HandleExceptions->handleError()
#1 [internal function]: Illuminate\\Foundation\\Bootstrap\\HandleExceptions->Illuminate\\Foundation\\Bootstrap\\{closure}()
#2 /var/www/knockknock.mx/html/api/packages/marvel/src/Http/Controllers/ProductController.php(395): fputcsv()
#3 /var/www/knockknock.mx/html/api/vendor/symfony/http-foundation/StreamedResponse.php(106): Marvel\\Http\\Controllers\\ProductController->Marvel\\Http\\Controllers\\{closure}()
#4 /var/www/knockknock.mx/html/api/vendor/symfony/http-foundation/Response.php(423): Symfony\\Component\\HttpFoundation\\StreamedResponse->sendContent()
#5 /var/www/knockknock.mx/html/api/vendor/laravel/framework/src/Illuminate/Support/HigherOrderTapProxy.php(34): Symfony\\Component\\HttpFoundation\\Response->send()
#6 /var/www/knockknock.mx/html/api/public/index.php(53): Illuminate\\Support\\HigherOrderTapProxy->__call()
#7 {main}
"} 
[2024-03-16 05:50:24] production.ERROR: Array to string conversion {"exception":"[object] (ErrorException(code: 0): Array to string conversion at /var/www/knockknock.mx/html/api/packages/marvel/src/Http/Controllers/ProductController.php:395)
[stacktrace]
#0 /var/www/knockknock.mx/html/api/vendor/laravel/framework/src/Illuminate/Foundation/Bootstrap/HandleExceptions.php(254): Illuminate\\Foundation\\Bootstrap\\HandleExceptions->handleError()
#1 [internal function]: Illuminate\\Foundation\\Bootstrap\\HandleExceptions->Illuminate\\Foundation\\Bootstrap\\{closure}()
#2 /var/www/knockknock.mx/html/api/packages/marvel/src/Http/Controllers/ProductController.php(395): fputcsv()
#3 /var/www/knockknock.mx/html/api/vendor/symfony/http-foundation/StreamedResponse.php(106): Marvel\\Http\\Controllers\\ProductController->Marvel\\Http\\Controllers\\{closure}()
#4 /var/www/knockknock.mx/html/api/vendor/symfony/http-foundation/Response.php(423): Symfony\\Component\\HttpFoundation\\StreamedResponse->sendContent()
#5 /var/www/knockknock.mx/html/api/vendor/laravel/framework/src/Illuminate/Support/HigherOrderTapProxy.php(34): Symfony\\Component\\HttpFoundation\\Response->send()
#6 /var/www/knockknock.mx/html/api/public/index.php(53): Illuminate\\Support\\HigherOrderTapProxy->__call()
#7 {main}
"} 
[2024-03-16 05:51:25] production.ERROR: Array to string conversion {"exception":"[object] (ErrorException(code: 0): Array to string conversion at /var/www/knockknock.mx/html/api/packages/marvel/src/Http/Controllers/ProductController.php:395)
[stacktrace]
#0 /var/www/knockknock.mx/html/api/vendor/laravel/framework/src/Illuminate/Foundation/Bootstrap/HandleExceptions.php(254): Illuminate\\Foundation\\Bootstrap\\HandleExceptions->handleError()
#1 [internal function]: Illuminate\\Foundation\\Bootstrap\\HandleExceptions->Illuminate\\Foundation\\Bootstrap\\{closure}()
#2 /var/www/knockknock.mx/html/api/packages/marvel/src/Http/Controllers/ProductController.php(395): fputcsv()
#3 /var/www/knockknock.mx/html/api/vendor/symfony/http-foundation/StreamedResponse.php(106): Marvel\\Http\\Controllers\\ProductController->Marvel\\Http\\Controllers\\{closure}()
#4 /var/www/knockknock.mx/html/api/vendor/symfony/http-foundation/Response.php(423): Symfony\\Component\\HttpFoundation\\StreamedResponse->sendContent()
#5 /var/www/knockknock.mx/html/api/vendor/laravel/framework/src/Illuminate/Support/HigherOrderTapProxy.php(34): Symfony\\Component\\HttpFoundation\\Response->send()
#6 /var/www/knockknock.mx/html/api/public/index.php(53): Illuminate\\Support\\HigherOrderTapProxy->__call()
#7 {main}
"} 
